Using pre-set license
Built from '2020.2/release' branch; Version is '2020.2.1f1 (270dd8c3da1c) revision 2559448'; Using compiler version '192528614'; Build Type 'Release'
OS: 'Windows 10  (10.0.0) 64bit' Language: 'en' Physical Memory: 16196 MB
BatchMode: 1, IsHumanControllingUs: 0, StartBugReporterOnCrash: 0, Is64bit: 1, IsPro: 0

 COMMAND LINE ARGUMENTS:
C:\Program Files\Unity\Editor\Unity.exe
-adb2
-batchMode
-noUpm
-name
AssetImportWorker0
-projectPath
D:/Unity/mini-project-3d-pacman-10-team/Pac Man
-logFile
Logs/AssetImportWorker0.log
-srvPort
63822
Successfully changed project path to: D:/Unity/mini-project-3d-pacman-10-team/Pac Man
D:/Unity/mini-project-3d-pacman-10-team/Pac Man
Using Asset Import Pipeline V2.
Refreshing native plugins compatible for Editor in 33.90 ms, found 0 plugins.
Preloading 0 native plugins for Editor in 0.00 ms.
Initialize engine version: 2020.2.1f1 (270dd8c3da1c)
[Subsystems] Discovering subsystems at path C:/Program Files/Unity/Editor/Data/Resources/UnitySubsystems
[Subsystems] Discovering subsystems at path D:/Unity/mini-project-3d-pacman-10-team/Pac Man/Assets
GfxDevice: creating device client; threaded=0
Direct3D:
    Version:  Direct3D 11.0 [level 11.1]
    Renderer: NVIDIA GeForce RTX 2060 (ID=0x1f11)
    Vendor:   
    VRAM:     5980 MB
    Driver:   27.21.14.6140
Initialize mono
Mono path[0] = 'C:/Program Files/Unity/Editor/Data/Managed'
Mono path[1] = 'C:/Program Files/Unity/Editor/Data/MonoBleedingEdge/lib/mono/unityjit'
Mono config path = 'C:/Program Files/Unity/Editor/Data/MonoBleedingEdge/etc'
Using monoOptions --debugger-agent=transport=dt_socket,embedding=1,server=y,suspend=n,address=127.0.0.1:56668
Begin MonoManager ReloadAssembly
Registering precompiled unity dll's ...
Register platform support module: C:/Program Files/Unity/Editor/Data/PlaybackEngines/WindowsStandaloneSupport/UnityEditor.WindowsStandalone.Extensions.dll
Registered in 0.003158 seconds.
Native extension for WindowsStandalone target not found
Refreshing native plugins compatible for Editor in 33.90 ms, found 0 plugins.
Preloading 0 native plugins for Editor in 0.00 ms.
Invoked RoslynAnalysisRunner static constructor.
RoslynAnalysisRunner will not be running.
RoslynAnalysisRunner has terminated.
Mono: successfully reloaded assembly
- Completed reload, in  0.955 seconds
Platform modules already initialized, skipping
Registering precompiled user dll's ...
Registered in 0.000681 seconds.
Begin MonoManager ReloadAssembly
Native extension for WindowsStandalone target not found
Refreshing native plugins compatible for Editor in 0.29 ms, found 0 plugins.
Preloading 0 native plugins for Editor in 0.00 ms.
Invoked RoslynAnalysisRunner static constructor.
RoslynAnalysisRunner will not be running.
RoslynAnalysisRunner has terminated.
Mono: successfully reloaded assembly
- Completed reload, in  0.818 seconds
Platform modules already initialized, skipping
========================================================================
Worker process is ready to serve import requests
Launched and connected shader compiler UnityShaderCompiler.exe after 0.03 seconds
Refreshing native plugins compatible for Editor in 0.31 ms, found 0 plugins.
Preloading 0 native plugins for Editor in 0.00 ms.
Unloading 1089 Unused Serialized files (Serialized files now loaded: 0)
System memory in use before: 143.9 MB.
System memory in use after: 144.0 MB.

Unloading 9 unused Assets to reduce memory usage. Loaded Objects now: 1557.
Total: 1.653900 ms (FindLiveObjects: 0.140000 ms CreateObjectMapping: 0.042700 ms MarkObjects: 1.399900 ms  DeleteObjects: 0.070100 ms)

========================================================================
Received Import Request.
  path: Assets/Scenes/World.unity
  artifactKey: Guid(fd02a43007cc64e47a8f2fd7cba30909) Importer(815301076,1909f56bfc062723c751e8b465ee728b)
Start importing Assets/Scenes/World.unity using Guid(fd02a43007cc64e47a8f2fd7cba30909) Importer(815301076,1909f56bfc062723c751e8b465ee728b)  -> (artifact id: 'bb832883d73ab78a2b935a29ce75750d') in 0.022499 seconds
  Import took 0.026391 seconds .

========================================================================
Received Import Request.
  Time since last request: 12.133168 seconds.
  path: Assets/Prefabs/Apple 1.prefab
  artifactKey: Guid(366ae50cc881ece47b35774ad1ce51cb) Importer(815301076,1909f56bfc062723c751e8b465ee728b)
Start importing Assets/Prefabs/Apple 1.prefab using Guid(366ae50cc881ece47b35774ad1ce51cb) Importer(815301076,1909f56bfc062723c751e8b465ee728b)  -> (artifact id: 'f923ea11d7b145419d214306c2125669') in 0.097117 seconds
  Import took 0.099430 seconds .

========================================================================
Received Import Request.
  Time since last request: 0.000182 seconds.
  path: Assets/Prefabs/Fruits Pickup Effect.prefab
  artifactKey: Guid(79bb26737bc582049be7418ec3218e2b) Importer(815301076,1909f56bfc062723c751e8b465ee728b)
Start importing Assets/Prefabs/Fruits Pickup Effect.prefab using Guid(79bb26737bc582049be7418ec3218e2b) Importer(815301076,1909f56bfc062723c751e8b465ee728b)  -> (artifact id: '027588dd88a586e97c6d372dbd573b14') in 0.008113 seconds
  Import took 0.010319 seconds .

========================================================================
Received Import Request.
  Time since last request: 0.000209 seconds.
  path: Assets/Prefabs/Strawberry 1.prefab
  artifactKey: Guid(819c30fa19df1be47b8eb931076710ba) Importer(815301076,1909f56bfc062723c751e8b465ee728b)
Start importing Assets/Prefabs/Strawberry 1.prefab using Guid(819c30fa19df1be47b8eb931076710ba) Importer(815301076,1909f56bfc062723c751e8b465ee728b)  -> (artifact id: 'd162dd5fbe87f89265d1a71e3d2a2174') in 0.011101 seconds
  Import took 0.013824 seconds .

========================================================================
Received Prepare
Registering precompiled user dll's ...
Registered in 0.000853 seconds.
Begin MonoManager ReloadAssembly
Native extension for WindowsStandalone target not found
Refreshing native plugins compatible for Editor in 0.28 ms, found 0 plugins.
Preloading 0 native plugins for Editor in 0.00 ms.
Invoked RoslynAnalysisRunner static constructor.
RoslynAnalysisRunner will not be running.
RoslynAnalysisRunner has terminated.
Mono: successfully reloaded assembly
- Completed reload, in  0.770 seconds
Platform modules already initialized, skipping
Refreshing native plugins compatible for Editor in 0.28 ms, found 0 plugins.
Preloading 0 native plugins for Editor in 0.00 ms.
Unloading 1078 Unused Serialized files (Serialized files now loaded: 0)
System memory in use before: 147.5 MB.
System memory in use after: 147.6 MB.

Unloading 4 unused Assets to reduce memory usage. Loaded Objects now: 1566.
Total: 1.608800 ms (FindLiveObjects: 0.202600 ms CreateObjectMapping: 0.050300 ms MarkObjects: 1.342000 ms  DeleteObjects: 0.012600 ms)

========================================================================
Received Import Request.
  Time since last request: 48.980007 seconds.
  path: Assets/Scripts/HealthManager.cs
  artifactKey: Guid(a79ddc146b565f34fbd3347ff5cdb106) Importer(815301076,1909f56bfc062723c751e8b465ee728b)
Start importing Assets/Scripts/HealthManager.cs using Guid(a79ddc146b565f34fbd3347ff5cdb106) Importer(815301076,1909f56bfc062723c751e8b465ee728b)  -> (artifact id: 'cada63db3f15f3a3475def5c5bf009f0') in 0.014045 seconds
  Import took 0.017197 seconds .

========================================================================
Received Import Request.
  Time since last request: 0.001191 seconds.
  path: Assets/Scripts/HealthManager.cs
  artifactKey: Guid(a79ddc146b565f34fbd3347ff5cdb106) Importer(815301076,1909f56bfc062723c751e8b465ee728b)
Start importing Assets/Scripts/HealthManager.cs using Guid(a79ddc146b565f34fbd3347ff5cdb106) Importer(815301076,1909f56bfc062723c751e8b465ee728b)  -> (artifact id: 'cada63db3f15f3a3475def5c5bf009f0') in 0.001848 seconds
  Import took 0.004363 seconds .

========================================================================
Received Prepare
Registering precompiled user dll's ...
Registered in 0.000877 seconds.
Begin MonoManager ReloadAssembly
Native extension for WindowsStandalone target not found
Refreshing native plugins compatible for Editor in 0.27 ms, found 0 plugins.
Preloading 0 native plugins for Editor in 0.00 ms.
Invoked RoslynAnalysisRunner static constructor.
RoslynAnalysisRunner will not be running.
RoslynAnalysisRunner has terminated.
Mono: successfully reloaded assembly
- Completed reload, in  0.802 seconds
Platform modules already initialized, skipping
Refreshing native plugins compatible for Editor in 0.27 ms, found 0 plugins.
Preloading 0 native plugins for Editor in 0.00 ms.
Unloading 1079 Unused Serialized files (Serialized files now loaded: 0)
System memory in use before: 147.6 MB.
System memory in use after: 147.7 MB.

Unloading 4 unused Assets to reduce memory usage. Loaded Objects now: 1569.
Total: 1.539900 ms (FindLiveObjects: 0.147000 ms CreateObjectMapping: 0.039400 ms MarkObjects: 1.336800 ms  DeleteObjects: 0.015700 ms)

========================================================================
Received Prepare
Registering precompiled user dll's ...
Registered in 0.001543 seconds.
Begin MonoManager ReloadAssembly
Native extension for WindowsStandalone target not found
Refreshing native plugins compatible for Editor in 0.28 ms, found 0 plugins.
Preloading 0 native plugins for Editor in 0.00 ms.
Invoked RoslynAnalysisRunner static constructor.
RoslynAnalysisRunner will not be running.
RoslynAnalysisRunner has terminated.
Mono: successfully reloaded assembly
- Completed reload, in  0.821 seconds
Platform modules already initialized, skipping
Refreshing native plugins compatible for Editor in 0.27 ms, found 0 plugins.
Preloading 0 native plugins for Editor in 0.00 ms.
Unloading 1079 Unused Serialized files (Serialized files now loaded: 0)
System memory in use before: 147.6 MB.
System memory in use after: 147.7 MB.

Unloading 4 unused Assets to reduce memory usage. Loaded Objects now: 1571.
Total: 1.467700 ms (FindLiveObjects: 0.130900 ms CreateObjectMapping: 0.035900 ms MarkObjects: 1.286800 ms  DeleteObjects: 0.013000 ms)

========================================================================
Received Import Request.
  Time since last request: 59.050409 seconds.
  path: Assets/Scripts/HealthManager.cs
  artifactKey: Guid(a79ddc146b565f34fbd3347ff5cdb106) Importer(815301076,1909f56bfc062723c751e8b465ee728b)
Start importing Assets/Scripts/HealthManager.cs using Guid(a79ddc146b565f34fbd3347ff5cdb106) Importer(815301076,1909f56bfc062723c751e8b465ee728b)  -> (artifact id: 'fb86f260514bd1c1a71f0eb8b028e11a') in 0.003737 seconds
  Import took 0.005877 seconds .

========================================================================
Received Prepare
Registering precompiled user dll's ...
Registered in 0.000615 seconds.
Begin MonoManager ReloadAssembly
Native extension for WindowsStandalone target not found
Refreshing native plugins compatible for Editor in 0.27 ms, found 0 plugins.
Preloading 0 native plugins for Editor in 0.00 ms.
Invoked RoslynAnalysisRunner static constructor.
RoslynAnalysisRunner will not be running.
RoslynAnalysisRunner has terminated.
Mono: successfully reloaded assembly
- Completed reload, in  0.786 seconds
Platform modules already initialized, skipping
Refreshing native plugins compatible for Editor in 0.31 ms, found 0 plugins.
Preloading 0 native plugins for Editor in 0.00 ms.
Unloading 1079 Unused Serialized files (Serialized files now loaded: 0)
System memory in use before: 147.6 MB.
System memory in use after: 147.7 MB.

Unloading 4 unused Assets to reduce memory usage. Loaded Objects now: 1573.
Total: 1.636100 ms (FindLiveObjects: 0.148100 ms CreateObjectMapping: 0.044600 ms MarkObjects: 1.427100 ms  DeleteObjects: 0.015300 ms)

========================================================================
Received Import Request.
  Time since last request: 126.617223 seconds.
  path: Assets/Scripts/HealthManager.cs
  artifactKey: Guid(a79ddc146b565f34fbd3347ff5cdb106) Importer(815301076,1909f56bfc062723c751e8b465ee728b)
Start importing Assets/Scripts/HealthManager.cs using Guid(a79ddc146b565f34fbd3347ff5cdb106) Importer(815301076,1909f56bfc062723c751e8b465ee728b)  -> (artifact id: 'c5fc891b75e5720cde53dd3f1eaca941') in 0.004795 seconds
  Import took 0.007768 seconds .

========================================================================
Received Import Request.
  Time since last request: 7.197025 seconds.
  path: Assets/Scripts/GameManager.cs
  artifactKey: Guid(e262f0b4bcd2f2744bf19b0c88191261) Importer(815301076,1909f56bfc062723c751e8b465ee728b)
Start importing Assets/Scripts/GameManager.cs using Guid(e262f0b4bcd2f2744bf19b0c88191261) Importer(815301076,1909f56bfc062723c751e8b465ee728b)  -> (artifact id: 'c770cd186852fbd18ebfe418dcc59b1a') in 0.007042 seconds
  Import took 0.009500 seconds .

========================================================================
Received Import Request.
  Time since last request: 361.128108 seconds.
  path: Assets/RPGMonsterPartnersPBRPolyart/Meshes/BeholderMesh.fbx
  artifactKey: Guid(902eedcaf6164ab4aa84bee782b015a5) Importer(815301076,1909f56bfc062723c751e8b465ee728b)
Start importing Assets/RPGMonsterPartnersPBRPolyart/Meshes/BeholderMesh.fbx using Guid(902eedcaf6164ab4aa84bee782b015a5) Importer(815301076,1909f56bfc062723c751e8b465ee728b)  -> (artifact id: 'a5420de6e2a84a4bb9c924a0b5297d8c') in 0.132057 seconds
  Import took 0.134661 seconds .

========================================================================
Received Import Request.
  Time since last request: 0.000184 seconds.
  path: Assets/RPGMonsterPartnersPBRPolyart/Meshes/ChestMonsterMesh.fbx
  artifactKey: Guid(ca0980e90982fe6468542f951647d58c) Importer(815301076,1909f56bfc062723c751e8b465ee728b)
Start importing Assets/RPGMonsterPartnersPBRPolyart/Meshes/ChestMonsterMesh.fbx using Guid(ca0980e90982fe6468542f951647d58c) Importer(815301076,1909f56bfc062723c751e8b465ee728b)  -> (artifact id: 'b6321e446ac29997bd5946a8691feacc') in 0.032352 seconds
  Import took 0.034860 seconds .

========================================================================
Received Import Request.
  Time since last request: 0.000205 seconds.
  path: Assets/RPGMonsterPartnersPBRPolyart/Meshes/ChestMonsterPBRMesh.fbx
  artifactKey: Guid(97e7b2e9aff997844b8b8dd53b0fffc1) Importer(815301076,1909f56bfc062723c751e8b465ee728b)
Start importing Assets/RPGMonsterPartnersPBRPolyart/Meshes/ChestMonsterPBRMesh.fbx using Guid(97e7b2e9aff997844b8b8dd53b0fffc1) Importer(815301076,1909f56bfc062723c751e8b465ee728b)  -> (artifact id: '2d80b3d18d1241758a108a5143585443') in 0.034464 seconds
  Import took 0.036677 seconds .

========================================================================
Received Import Request.
  Time since last request: 0.000194 seconds.
  path: Assets/RPGMonsterPartnersPBRPolyart/Meshes/StageMesh.fbx
  artifactKey: Guid(b5a28e42e2d833c4c8b1101cb07d8e8e) Importer(815301076,1909f56bfc062723c751e8b465ee728b)
Start importing Assets/RPGMonsterPartnersPBRPolyart/Meshes/StageMesh.fbx using Guid(b5a28e42e2d833c4c8b1101cb07d8e8e) Importer(815301076,1909f56bfc062723c751e8b465ee728b)  -> (artifact id: 'f65f1c2a7749ce381156bf4b7238e86e') in 0.043067 seconds
  Import took 0.045324 seconds .

========================================================================
Received Import Request.
  Time since last request: 0.000197 seconds.
  path: Assets/RPGMonsterPartnersPBRPolyart/Meshes/BeholderPBRMesh.fbx
  artifactKey: Guid(508a4bc4f3fb8b242b65c276ab61a344) Importer(815301076,1909f56bfc062723c751e8b465ee728b)
Start importing Assets/RPGMonsterPartnersPBRPolyart/Meshes/BeholderPBRMesh.fbx using Guid(508a4bc4f3fb8b242b65c276ab61a344) Importer(815301076,1909f56bfc062723c751e8b465ee728b)  -> (artifact id: 'f8875c5141b88d3b6982c0d21cae24aa') in 0.032111 seconds
  Import took 0.035195 seconds .

========================================================================
Received Import Request.
  Time since last request: 0.419841 seconds.
  path: Assets/RPGMonsterPartnersPBRPolyart/Prefabs/BeholderPBR.prefab
  artifactKey: Guid(9e6401f8e2320e54797a680db42d218f) Importer(815301076,1909f56bfc062723c751e8b465ee728b)
Start importing Assets/RPGMonsterPartnersPBRPolyart/Prefabs/BeholderPBR.prefab using Guid(9e6401f8e2320e54797a680db42d218f) Importer(815301076,1909f56bfc062723c751e8b465ee728b)  -> (artifact id: '0486f04f55447b3703cb2e06755b1db5') in 0.233645 seconds
  Import took 0.237325 seconds .

========================================================================
Received Import Request.
  Time since last request: 0.000206 seconds.
  path: Assets/RPGMonsterPartnersPBRPolyart/Prefabs/ChestMonsterPBR.prefab
  artifactKey: Guid(003b064097ba1bd4fa565d0210db6d9d) Importer(815301076,1909f56bfc062723c751e8b465ee728b)
Start importing Assets/RPGMonsterPartnersPBRPolyart/Prefabs/ChestMonsterPBR.prefab using Guid(003b064097ba1bd4fa565d0210db6d9d) Importer(815301076,1909f56bfc062723c751e8b465ee728b)  -> (artifact id: '6a9bcdad53cd49e57c550e1950f068f3') in 0.107558 seconds
  Import took 0.110453 seconds .

========================================================================
Received Import Request.
  Time since last request: 0.000176 seconds.
  path: Assets/RPGMonsterPartnersPBRPolyart/Prefabs/BeholderPolyart.prefab
  artifactKey: Guid(8d791e7885d8c11418ff9fcd9552c337) Importer(815301076,1909f56bfc062723c751e8b465ee728b)
Start importing Assets/RPGMonsterPartnersPBRPolyart/Prefabs/BeholderPolyart.prefab using Guid(8d791e7885d8c11418ff9fcd9552c337) Importer(815301076,1909f56bfc062723c751e8b465ee728b)  -> (artifact id: '71e0a157c37eb194f07f80cba714e673') in 0.065050 seconds
  Import took 0.068126 seconds .

========================================================================
Received Import Request.
  Time since last request: 0.000173 seconds.
  path: Assets/RPGMonsterPartnersPBRPolyart/Prefabs/ChestMonsterPolyart.prefab
  artifactKey: Guid(57d21201fb2b7f546be541b5a3517c80) Importer(815301076,1909f56bfc062723c751e8b465ee728b)
Start importing Assets/RPGMonsterPartnersPBRPolyart/Prefabs/ChestMonsterPolyart.prefab using Guid(57d21201fb2b7f546be541b5a3517c80) Importer(815301076,1909f56bfc062723c751e8b465ee728b)  -> (artifact id: 'ff7017f9844c50e8c36b7a3316c73fc9') in 0.024247 seconds
  Import took 0.026809 seconds .

========================================================================
Received Import Request.
  Time since last request: 0.000390 seconds.
  path: Assets/RPGMonsterPartnersPBRPolyart/Prefabs/ChestMonsterPolyart.prefab
  artifactKey: Guid(57d21201fb2b7f546be541b5a3517c80) Importer(815301076,1909f56bfc062723c751e8b465ee728b)
Start importing Assets/RPGMonsterPartnersPBRPolyart/Prefabs/ChestMonsterPolyart.prefab using Guid(57d21201fb2b7f546be541b5a3517c80) Importer(815301076,1909f56bfc062723c751e8b465ee728b)  -> (artifact id: 'ff7017f9844c50e8c36b7a3316c73fc9') in 0.018433 seconds
  Import took 0.021431 seconds .

========================================================================
Received Import Request.
  Time since last request: 0.028579 seconds.
  path: Assets/RPGMonsterPartnersPBRPolyart/Textures/MSPBR.png
  artifactKey: Guid(6b52defba4fb3ab4184341d63c2dc415) Importer(815301076,1909f56bfc062723c751e8b465ee728b)
Start importing Assets/RPGMonsterPartnersPBRPolyart/Textures/MSPBR.png using Guid(6b52defba4fb3ab4184341d63c2dc415) Importer(815301076,1909f56bfc062723c751e8b465ee728b)  -> (artifact id: '529312c3f94cebb38b1e076e32c5daa0') in 0.024663 seconds
  Import took 0.027235 seconds .

========================================================================
Received Prepare
Registering precompiled user dll's ...
Registered in 0.000653 seconds.
Begin MonoManager ReloadAssembly
Native extension for WindowsStandalone target not found
Refreshing native plugins compatible for Editor in 0.28 ms, found 0 plugins.
Preloading 0 native plugins for Editor in 0.00 ms.
Invoked RoslynAnalysisRunner static constructor.
RoslynAnalysisRunner will not be running.
RoslynAnalysisRunner has terminated.
Mono: successfully reloaded assembly
- Completed reload, in  0.767 seconds
Platform modules already initialized, skipping
Refreshing native plugins compatible for Editor in 0.30 ms, found 0 plugins.
Preloading 0 native plugins for Editor in 0.00 ms.
Unloading 1079 Unused Serialized files (Serialized files now loaded: 0)
System memory in use before: 148.0 MB.
System memory in use after: 148.1 MB.

Unloading 5 unused Assets to reduce memory usage. Loaded Objects now: 1580.
Total: 1.475000 ms (FindLiveObjects: 0.143400 ms CreateObjectMapping: 0.037700 ms MarkObjects: 1.276400 ms  DeleteObjects: 0.016600 ms)

========================================================================
Received Import Request.
  Time since last request: 162.608846 seconds.
  path: Assets/RPGMonsterPartnersPBRPolyart/Animators/Beholder.controller
  artifactKey: Guid(b39c46279bd53fb45b08d4411d6e8a9a) Importer(815301076,1909f56bfc062723c751e8b465ee728b)
Start importing Assets/RPGMonsterPartnersPBRPolyart/Animators/Beholder.controller using Guid(b39c46279bd53fb45b08d4411d6e8a9a) Importer(815301076,1909f56bfc062723c751e8b465ee728b)  -> (artifact id: 'a0670de001a25e4f089b07ac94d38c6c') in 0.035667 seconds
  Import took 0.040306 seconds .

========================================================================
Received Prepare
Registering precompiled user dll's ...
Registered in 0.000598 seconds.
Begin MonoManager ReloadAssembly
Native extension for WindowsStandalone target not found
Refreshing native plugins compatible for Editor in 0.27 ms, found 0 plugins.
Preloading 0 native plugins for Editor in 0.00 ms.
Invoked RoslynAnalysisRunner static constructor.
RoslynAnalysisRunner will not be running.
RoslynAnalysisRunner has terminated.
Mono: successfully reloaded assembly
- Completed reload, in  0.777 seconds
Platform modules already initialized, skipping
Refreshing native plugins compatible for Editor in 0.28 ms, found 0 plugins.
Preloading 0 native plugins for Editor in 0.00 ms.
Unloading 1079 Unused Serialized files (Serialized files now loaded: 0)
System memory in use before: 148.0 MB.
System memory in use after: 148.1 MB.

Unloading 4 unused Assets to reduce memory usage. Loaded Objects now: 1582.
Total: 1.452200 ms (FindLiveObjects: 0.117100 ms CreateObjectMapping: 0.031600 ms MarkObjects: 1.289200 ms  DeleteObjects: 0.013200 ms)

========================================================================
Received Prepare
Registering precompiled user dll's ...
Registered in 0.000971 seconds.
Begin MonoManager ReloadAssembly
Native extension for WindowsStandalone target not found
Refreshing native plugins compatible for Editor in 0.27 ms, found 0 plugins.
Preloading 0 native plugins for Editor in 0.00 ms.
Invoked RoslynAnalysisRunner static constructor.
RoslynAnalysisRunner will not be running.
RoslynAnalysisRunner has terminated.
Mono: successfully reloaded assembly
- Completed reload, in  0.789 seconds
Platform modules already initialized, skipping
Refreshing native plugins compatible for Editor in 0.49 ms, found 0 plugins.
Preloading 0 native plugins for Editor in 0.00 ms.
Unloading 1079 Unused Serialized files (Serialized files now loaded: 0)
System memory in use before: 148.0 MB.
System memory in use after: 148.1 MB.

Unloading 4 unused Assets to reduce memory usage. Loaded Objects now: 1584.
Total: 2.497700 ms (FindLiveObjects: 0.587500 ms CreateObjectMapping: 0.075500 ms MarkObjects: 1.817900 ms  DeleteObjects: 0.015400 ms)

========================================================================
Received Import Request.
  Time since last request: 412.970935 seconds.
  path: Assets/RPGMonsterPartnersPBRPolyart/Animators/Beholder.controller
  artifactKey: Guid(b39c46279bd53fb45b08d4411d6e8a9a) Importer(815301076,1909f56bfc062723c751e8b465ee728b)
Start importing Assets/RPGMonsterPartnersPBRPolyart/Animators/Beholder.controller using Guid(b39c46279bd53fb45b08d4411d6e8a9a) Importer(815301076,1909f56bfc062723c751e8b465ee728b)  -> (artifact id: '6482dae0f927cb0f43a28e3da188ab83') in 0.024124 seconds
  Import took 0.027825 seconds .

========================================================================
Received Import Request.
  Time since last request: 178.539913 seconds.
  path: Assets/RPGMonsterPartnersPBRPolyart/Animations/Beholder/Attack03.fbx
  artifactKey: Guid(3d11518a0dfa99c4680abe474854f15b) Importer(815301076,1909f56bfc062723c751e8b465ee728b)
Start importing Assets/RPGMonsterPartnersPBRPolyart/Animations/Beholder/Attack03.fbx using Guid(3d11518a0dfa99c4680abe474854f15b) Importer(815301076,1909f56bfc062723c751e8b465ee728b)  -> (artifact id: 'd89438738cf7016c6fc593f7a462e50e') in 0.089139 seconds
  Import took 0.091659 seconds .

========================================================================
Received Import Request.
  Time since last request: 0.000185 seconds.
  path: Assets/RPGMonsterPartnersPBRPolyart/Animations/Beholder/IdleNormal.fbx
  artifactKey: Guid(5297e14b01f95e5449dc7737bfbc0182) Importer(815301076,1909f56bfc062723c751e8b465ee728b)
Start importing Assets/RPGMonsterPartnersPBRPolyart/Animations/Beholder/IdleNormal.fbx using Guid(5297e14b01f95e5449dc7737bfbc0182) Importer(815301076,1909f56bfc062723c751e8b465ee728b)  -> (artifact id: '744afc8f458b8c295df400af7f86b07c') in 0.032895 seconds
  Import took 0.035466 seconds .

========================================================================
Received Import Request.
  Time since last request: 0.000232 seconds.
  path: Assets/RPGMonsterPartnersPBRPolyart/Animations/Beholder/GetHit.fbx
  artifactKey: Guid(f963cdf359d14ab45bc2d03df00ac2f3) Importer(815301076,1909f56bfc062723c751e8b465ee728b)
Start importing Assets/RPGMonsterPartnersPBRPolyart/Animations/Beholder/GetHit.fbx using Guid(f963cdf359d14ab45bc2d03df00ac2f3) Importer(815301076,1909f56bfc062723c751e8b465ee728b)  -> (artifact id: '609fb39e747a30be29a2a9316c647253') in 0.038595 seconds
  Import took 0.041555 seconds .

========================================================================
Received Import Request.
  Time since last request: 0.000320 seconds.
  path: Assets/RPGMonsterPartnersPBRPolyart/Animations/Beholder/Die.fbx
  artifactKey: Guid(625e74d907dc48042baa437dc4090641) Importer(815301076,1909f56bfc062723c751e8b465ee728b)
Start importing Assets/RPGMonsterPartnersPBRPolyart/Animations/Beholder/Die.fbx using Guid(625e74d907dc48042baa437dc4090641) Importer(815301076,1909f56bfc062723c751e8b465ee728b)  -> (artifact id: '37d9dfb33460ff4aa664803aeb9931ed') in 0.033562 seconds
  Import took 0.035995 seconds .

========================================================================
Received Import Request.
  Time since last request: 0.000186 seconds.
  path: Assets/RPGMonsterPartnersPBRPolyart/Animations/Beholder/SenseSomethingRPT.fbx
  artifactKey: Guid(92bd17c705ba003419370e3e00f24fb2) Importer(815301076,1909f56bfc062723c751e8b465ee728b)
Start importing Assets/RPGMonsterPartnersPBRPolyart/Animations/Beholder/SenseSomethingRPT.fbx using Guid(92bd17c705ba003419370e3e00f24fb2) Importer(815301076,1909f56bfc062723c751e8b465ee728b)  -> (artifact id: '9f55384416cb1474296efb0f160bc1fc') in 0.032157 seconds
  Import took 0.035076 seconds .

========================================================================
Received Import Request.
  Time since last request: 0.000210 seconds.
  path: Assets/RPGMonsterPartnersPBRPolyart/Animations/Beholder/Dizzy.fbx
  artifactKey: Guid(299e850f24e5bee458595c2922e5cc58) Importer(815301076,1909f56bfc062723c751e8b465ee728b)
Start importing Assets/RPGMonsterPartnersPBRPolyart/Animations/Beholder/Dizzy.fbx using Guid(299e850f24e5bee458595c2922e5cc58) Importer(815301076,1909f56bfc062723c751e8b465ee728b)  -> (artifact id: 'd53f901fbcdf3e0062a28bf7e74987f9') in 0.031887 seconds
  Import took 0.034674 seconds .

========================================================================
Received Import Request.
  Time since last request: 0.000225 seconds.
  path: Assets/RPGMonsterPartnersPBRPolyart/Animations/Beholder/IdleBattle.fbx
  artifactKey: Guid(ba902775f0410cc42b746a2e74457bcd) Importer(815301076,1909f56bfc062723c751e8b465ee728b)
Start importing Assets/RPGMonsterPartnersPBRPolyart/Animations/Beholder/IdleBattle.fbx using Guid(ba902775f0410cc42b746a2e74457bcd) Importer(815301076,1909f56bfc062723c751e8b465ee728b)  -> (artifact id: 'ee0e0bf399a4ca736d22b15fff288892') in 0.045719 seconds
  Import took 0.048837 seconds .

========================================================================
Received Import Request.
  Time since last request: 0.000295 seconds.
  path: Assets/RPGMonsterPartnersPBRPolyart/Animations/Beholder/SenseSomethingST.fbx
  artifactKey: Guid(6d466dc475c48b540a1682fd76152a28) Importer(815301076,1909f56bfc062723c751e8b465ee728b)
Start importing Assets/RPGMonsterPartnersPBRPolyart/Animations/Beholder/SenseSomethingST.fbx using Guid(6d466dc475c48b540a1682fd76152a28) Importer(815301076,1909f56bfc062723c751e8b465ee728b)  -> (artifact id: '2b67a0e326f5484ac1eaeabf6a0792eb') in 0.043186 seconds
  Import took 0.046696 seconds .

========================================================================
Received Import Request.
  Time since last request: 0.000239 seconds.
  path: Assets/RPGMonsterPartnersPBRPolyart/Animations/Beholder/Run.fbx
  artifactKey: Guid(5b5fcbba581ef9e459b6f9080806c711) Importer(815301076,1909f56bfc062723c751e8b465ee728b)
Start importing Assets/RPGMonsterPartnersPBRPolyart/Animations/Beholder/Run.fbx using Guid(5b5fcbba581ef9e459b6f9080806c711) Importer(815301076,1909f56bfc062723c751e8b465ee728b)  -> (artifact id: '12c987f5313354758a01143bb5320249') in 0.394151 seconds
  Import took 0.397413 seconds .

========================================================================
Received Import Request.
  Time since last request: 6.573088 seconds.
  path: Assets/RPGMonsterPartnersPBRPolyart/Animations/Beholder/Attack02ST.fbx
  artifactKey: Guid(282a633e7838cc04b855625f0f8e0837) Importer(815301076,1909f56bfc062723c751e8b465ee728b)
Start importing Assets/RPGMonsterPartnersPBRPolyart/Animations/Beholder/Attack02ST.fbx using Guid(282a633e7838cc04b855625f0f8e0837) Importer(815301076,1909f56bfc062723c751e8b465ee728b)  -> (artifact id: '5763b0ceb82826cb106c1010e0adba07') in 0.032521 seconds
  Import took 0.035989 seconds .

========================================================================
Received Import Request.
  Time since last request: 23.599631 seconds.
  path: Assets/RPGMonsterPartnersPBRPolyart/Animations/Beholder/Attack02RPT.fbx
  artifactKey: Guid(b23f3742cee0dc840acab4ec779d950a) Importer(815301076,1909f56bfc062723c751e8b465ee728b)
Start importing Assets/RPGMonsterPartnersPBRPolyart/Animations/Beholder/Attack02RPT.fbx using Guid(b23f3742cee0dc840acab4ec779d950a) Importer(815301076,1909f56bfc062723c751e8b465ee728b)  -> (artifact id: '7e183a42a24badd97698fb681f7cdb3b') in 0.135950 seconds
  Import took 0.139446 seconds .

========================================================================
Received Import Request.
  Time since last request: 0.000506 seconds.
  path: Assets/RPGMonsterPartnersPBRPolyart/Animations/Beholder/Attack01.fbx
  artifactKey: Guid(41168f2cb28cd9b42a90510cf32a0271) Importer(815301076,1909f56bfc062723c751e8b465ee728b)
Start importing Assets/RPGMonsterPartnersPBRPolyart/Animations/Beholder/Attack01.fbx using Guid(41168f2cb28cd9b42a90510cf32a0271) Importer(815301076,1909f56bfc062723c751e8b465ee728b)  -> (artifact id: '486b0c10f5602c70473e88255863e741') in 0.037259 seconds
  Import took 0.040396 seconds .

========================================================================
Received Import Request.
  Time since last request: 5.307504 seconds.
  path: Assets/RPGMonsterPartnersPBRPolyart/Animations/Beholder/Taunting.fbx
  artifactKey: Guid(44514a58f2e3d3049bce7720a415f071) Importer(815301076,1909f56bfc062723c751e8b465ee728b)
Start importing Assets/RPGMonsterPartnersPBRPolyart/Animations/Beholder/Taunting.fbx using Guid(44514a58f2e3d3049bce7720a415f071) Importer(815301076,1909f56bfc062723c751e8b465ee728b)  -> (artifact id: '0df26e3d2eb030ca156bdc3b2b5be196') in 0.026719 seconds
  Import took 0.029669 seconds .

========================================================================
Received Import Request.
  Time since last request: 0.906791 seconds.
  path: Assets/RPGMonsterPartnersPBRPolyart/Animations/Beholder/Victory.fbx
  artifactKey: Guid(f02c811e98f6ac345952793b3c679526) Importer(815301076,1909f56bfc062723c751e8b465ee728b)
Start importing Assets/RPGMonsterPartnersPBRPolyart/Animations/Beholder/Victory.fbx using Guid(f02c811e98f6ac345952793b3c679526) Importer(815301076,1909f56bfc062723c751e8b465ee728b)  -> (artifact id: 'e4f22320754a1b3c401715e1b2af07fb') in 0.023128 seconds
  Import took 0.025488 seconds .

========================================================================
Received Import Request.
  Time since last request: 1.449913 seconds.
  path: Assets/RPGMonsterPartnersPBRPolyart/Animations/Beholder/WalkBWD.fbx
  artifactKey: Guid(357b23ce0e3bb5c40bedb0b0b7a4b456) Importer(815301076,1909f56bfc062723c751e8b465ee728b)
Start importing Assets/RPGMonsterPartnersPBRPolyart/Animations/Beholder/WalkBWD.fbx using Guid(357b23ce0e3bb5c40bedb0b0b7a4b456) Importer(815301076,1909f56bfc062723c751e8b465ee728b)  -> (artifact id: '96c0b4945eb26c5c1014aa8c2b310599') in 0.026595 seconds
  Import took 0.029252 seconds .

========================================================================
Received Import Request.
  Time since last request: 1.369293 seconds.
  path: Assets/RPGMonsterPartnersPBRPolyart/Animations/Beholder/WalkFWD.fbx
  artifactKey: Guid(ffdec860cb4b2ea4d80a93f0671a0939) Importer(815301076,1909f56bfc062723c751e8b465ee728b)
Start importing Assets/RPGMonsterPartnersPBRPolyart/Animations/Beholder/WalkFWD.fbx using Guid(ffdec860cb4b2ea4d80a93f0671a0939) Importer(815301076,1909f56bfc062723c751e8b465ee728b)  -> (artifact id: 'c5758272c26ad69dba8fd01708fdd499') in 0.024666 seconds
  Import took 0.027331 seconds .

========================================================================
Received Import Request.
  Time since last request: 0.002672 seconds.
  path: Assets/RPGMonsterPartnersPBRPolyart/Animations/Beholder/WalkFWD.fbx
  artifactKey: Guid(ffdec860cb4b2ea4d80a93f0671a0939) Importer(815301076,1909f56bfc062723c751e8b465ee728b)
Start importing Assets/RPGMonsterPartnersPBRPolyart/Animations/Beholder/WalkFWD.fbx using Guid(ffdec860cb4b2ea4d80a93f0671a0939) Importer(815301076,1909f56bfc062723c751e8b465ee728b)  -> (artifact id: 'c5758272c26ad69dba8fd01708fdd499') in 0.020681 seconds
  Import took 0.023005 seconds .

========================================================================
Received Import Request.
  Time since last request: 1.162788 seconds.
  path: Assets/RPGMonsterPartnersPBRPolyart/Animations/Beholder/WalkLeft.fbx
  artifactKey: Guid(c66948b435b43d641bd065c67480faff) Importer(815301076,1909f56bfc062723c751e8b465ee728b)
Start importing Assets/RPGMonsterPartnersPBRPolyart/Animations/Beholder/WalkLeft.fbx using Guid(c66948b435b43d641bd065c67480faff) Importer(815301076,1909f56bfc062723c751e8b465ee728b)  -> (artifact id: '11a83120a758f9e1150f233400605491') in 0.027770 seconds
  Import took 0.030292 seconds .

========================================================================
Received Import Request.
  Time since last request: 0.001132 seconds.
  path: Assets/RPGMonsterPartnersPBRPolyart/Animations/Beholder/WalkLeft.fbx
  artifactKey: Guid(c66948b435b43d641bd065c67480faff) Importer(815301076,1909f56bfc062723c751e8b465ee728b)
Start importing Assets/RPGMonsterPartnersPBRPolyart/Animations/Beholder/WalkLeft.fbx using Guid(c66948b435b43d641bd065c67480faff) Importer(815301076,1909f56bfc062723c751e8b465ee728b)  -> (artifact id: '11a83120a758f9e1150f233400605491') in 0.021117 seconds
  Import took 0.023240 seconds .

========================================================================
Received Import Request.
  Time since last request: 0.020517 seconds.
  path: Assets/RPGMonsterPartnersPBRPolyart/Animations/Beholder/WalkRight.fbx
  artifactKey: Guid(1eecef2ab83a0534a855b389434913fa) Importer(815301076,1909f56bfc062723c751e8b465ee728b)
Start importing Assets/RPGMonsterPartnersPBRPolyart/Animations/Beholder/WalkRight.fbx using Guid(1eecef2ab83a0534a855b389434913fa) Importer(815301076,1909f56bfc062723c751e8b465ee728b)  -> (artifact id: '43a2df4357967f593c2712ce84a663d3') in 0.025888 seconds
  Import took 0.028634 seconds .

========================================================================
Received Prepare
Registering precompiled user dll's ...
Registered in 0.000733 seconds.
Begin MonoManager ReloadAssembly
Native extension for WindowsStandalone target not found
Refreshing native plugins compatible for Editor in 0.45 ms, found 0 plugins.
Preloading 0 native plugins for Editor in 0.00 ms.
Invoked RoslynAnalysisRunner static constructor.
RoslynAnalysisRunner will not be running.
RoslynAnalysisRunner has terminated.
Mono: successfully reloaded assembly
- Completed reload, in  0.782 seconds
Platform modules already initialized, skipping
Refreshing native plugins compatible for Editor in 0.29 ms, found 0 plugins.
Preloading 0 native plugins for Editor in 0.00 ms.
Unloading 1079 Unused Serialized files (Serialized files now loaded: 0)
System memory in use before: 148.2 MB.
System memory in use after: 148.3 MB.

Unloading 5 unused Assets to reduce memory usage. Loaded Objects now: 1587.
Total: 1.519300 ms (FindLiveObjects: 0.145100 ms CreateObjectMapping: 0.038700 ms MarkObjects: 1.315500 ms  DeleteObjects: 0.018600 ms)

========================================================================
Received Prepare
Registering precompiled user dll's ...
Registered in 0.003046 seconds.
Begin MonoManager ReloadAssembly
Native extension for WindowsStandalone target not found
Refreshing native plugins compatible for Editor in 0.32 ms, found 0 plugins.
Preloading 0 native plugins for Editor in 0.00 ms.
Invoked RoslynAnalysisRunner static constructor.
RoslynAnalysisRunner will not be running.
RoslynAnalysisRunner has terminated.
Mono: successfully reloaded assembly
- Completed reload, in  0.799 seconds
Platform modules already initialized, skipping
Refreshing native plugins compatible for Editor in 0.32 ms, found 0 plugins.
Preloading 0 native plugins for Editor in 0.00 ms.
Unloading 1079 Unused Serialized files (Serialized files now loaded: 0)
System memory in use before: 148.2 MB.
System memory in use after: 148.3 MB.

Unloading 4 unused Assets to reduce memory usage. Loaded Objects now: 1589.
Total: 1.719100 ms (FindLiveObjects: 0.164000 ms CreateObjectMapping: 0.046600 ms MarkObjects: 1.491400 ms  DeleteObjects: 0.015800 ms)

========================================================================
Received Prepare
Registering precompiled user dll's ...
Registered in 0.000914 seconds.
Begin MonoManager ReloadAssembly
Native extension for WindowsStandalone target not found
Refreshing native plugins compatible for Editor in 0.27 ms, found 0 plugins.
Preloading 0 native plugins for Editor in 0.00 ms.
Invoked RoslynAnalysisRunner static constructor.
RoslynAnalysisRunner will not be running.
RoslynAnalysisRunner has terminated.
Mono: successfully reloaded assembly
- Completed reload, in  0.729 seconds
Platform modules already initialized, skipping
Refreshing native plugins compatible for Editor in 0.29 ms, found 0 plugins.
Preloading 0 native plugins for Editor in 0.00 ms.
Unloading 1079 Unused Serialized files (Serialized files now loaded: 0)
System memory in use before: 148.2 MB.
System memory in use after: 148.3 MB.

Unloading 4 unused Assets to reduce memory usage. Loaded Objects now: 1591.
Total: 3.295100 ms (FindLiveObjects: 0.313900 ms CreateObjectMapping: 0.103900 ms MarkObjects: 2.850000 ms  DeleteObjects: 0.024500 ms)

========================================================================
Received Prepare
Registering precompiled user dll's ...
Registered in 0.000673 seconds.
Begin MonoManager ReloadAssembly
Native extension for WindowsStandalone target not found
Refreshing native plugins compatible for Editor in 0.26 ms, found 0 plugins.
Preloading 0 native plugins for Editor in 0.00 ms.
Invoked RoslynAnalysisRunner static constructor.
RoslynAnalysisRunner will not be running.
RoslynAnalysisRunner has terminated.
Mono: successfully reloaded assembly
- Completed reload, in  0.740 seconds
Platform modules already initialized, skipping
Refreshing native plugins compatible for Editor in 0.26 ms, found 0 plugins.
Preloading 0 native plugins for Editor in 0.00 ms.
Unloading 1079 Unused Serialized files (Serialized files now loaded: 0)
System memory in use before: 148.2 MB.
System memory in use after: 148.3 MB.

Unloading 4 unused Assets to reduce memory usage. Loaded Objects now: 1593.
Total: 1.488800 ms (FindLiveObjects: 0.194300 ms CreateObjectMapping: 0.060500 ms MarkObjects: 1.220800 ms  DeleteObjects: 0.012100 ms)

========================================================================
Received Import Request.
  Time since last request: 380.712771 seconds.
  path: Assets/Scripts/HurtPlayer.cs
  artifactKey: Guid(e6b2147770b875a4b8598f4de74400ed) Importer(815301076,1909f56bfc062723c751e8b465ee728b)
Start importing Assets/Scripts/HurtPlayer.cs using Guid(e6b2147770b875a4b8598f4de74400ed) Importer(815301076,1909f56bfc062723c751e8b465ee728b)  -> (artifact id: 'd87b54bb175287e85507d8bb5fbe66c8') in 0.013079 seconds
  Import took 0.016955 seconds .

========================================================================
Received Prepare
Registering precompiled user dll's ...
Registered in 0.000713 seconds.
Begin MonoManager ReloadAssembly
Native extension for WindowsStandalone target not found
Refreshing native plugins compatible for Editor in 0.29 ms, found 0 plugins.
Preloading 0 native plugins for Editor in 0.00 ms.
Invoked RoslynAnalysisRunner static constructor.
RoslynAnalysisRunner will not be running.
RoslynAnalysisRunner has terminated.
Mono: successfully reloaded assembly
- Completed reload, in  0.887 seconds
Platform modules already initialized, skipping
Refreshing native plugins compatible for Editor in 0.27 ms, found 0 plugins.
Preloading 0 native plugins for Editor in 0.00 ms.
Unloading 1080 Unused Serialized files (Serialized files now loaded: 0)
System memory in use before: 148.2 MB.
System memory in use after: 148.3 MB.

Unloading 4 unused Assets to reduce memory usage. Loaded Objects now: 1596.
Total: 3.209200 ms (FindLiveObjects: 0.430800 ms CreateObjectMapping: 0.168200 ms MarkObjects: 2.572900 ms  DeleteObjects: 0.033700 ms)

========================================================================
Received Prepare
Registering precompiled user dll's ...
Registered in 0.001214 seconds.
Begin MonoManager ReloadAssembly
Native extension for WindowsStandalone target not found
Refreshing native plugins compatible for Editor in 0.29 ms, found 0 plugins.
Preloading 0 native plugins for Editor in 0.00 ms.
Invoked RoslynAnalysisRunner static constructor.
RoslynAnalysisRunner will not be running.
RoslynAnalysisRunner has terminated.
Mono: successfully reloaded assembly
- Completed reload, in  0.813 seconds
Platform modules already initialized, skipping
Refreshing native plugins compatible for Editor in 0.30 ms, found 0 plugins.
Preloading 0 native plugins for Editor in 0.00 ms.
Unloading 1080 Unused Serialized files (Serialized files now loaded: 0)
System memory in use before: 148.2 MB.
System memory in use after: 148.3 MB.

Unloading 4 unused Assets to reduce memory usage. Loaded Objects now: 1598.
Total: 2.019500 ms (FindLiveObjects: 0.193600 ms CreateObjectMapping: 0.068700 ms MarkObjects: 1.727500 ms  DeleteObjects: 0.028500 ms)

========================================================================
Received Import Request.
  Time since last request: 114.226993 seconds.
  path: Assets/Scripts/HurtPlayer.cs
  artifactKey: Guid(e6b2147770b875a4b8598f4de74400ed) Importer(815301076,1909f56bfc062723c751e8b465ee728b)
Start importing Assets/Scripts/HurtPlayer.cs using Guid(e6b2147770b875a4b8598f4de74400ed) Importer(815301076,1909f56bfc062723c751e8b465ee728b)  -> (artifact id: '126171909383863c5068129e839f47d4') in 0.003662 seconds
  Import took 0.005592 seconds .

========================================================================
Received Prepare
Registering precompiled user dll's ...
Registered in 0.001262 seconds.
Begin MonoManager ReloadAssembly
Native extension for WindowsStandalone target not found
Refreshing native plugins compatible for Editor in 0.31 ms, found 0 plugins.
Preloading 0 native plugins for Editor in 0.00 ms.
Invoked RoslynAnalysisRunner static constructor.
RoslynAnalysisRunner will not be running.
RoslynAnalysisRunner has terminated.
Mono: successfully reloaded assembly
- Completed reload, in  1.000 seconds
Platform modules already initialized, skipping
Refreshing native plugins compatible for Editor in 0.30 ms, found 0 plugins.
Preloading 0 native plugins for Editor in 0.00 ms.
Unloading 1080 Unused Serialized files (Serialized files now loaded: 0)
System memory in use before: 148.3 MB.
System memory in use after: 148.4 MB.

Unloading 4 unused Assets to reduce memory usage. Loaded Objects now: 1600.
Total: 1.950500 ms (FindLiveObjects: 0.197500 ms CreateObjectMapping: 0.053900 ms MarkObjects: 1.678400 ms  DeleteObjects: 0.019200 ms)

========================================================================
Received Prepare
Registering precompiled user dll's ...
Registered in 0.000603 seconds.
Begin MonoManager ReloadAssembly
Native extension for WindowsStandalone target not found
Refreshing native plugins compatible for Editor in 0.26 ms, found 0 plugins.
Preloading 0 native plugins for Editor in 0.00 ms.
Invoked RoslynAnalysisRunner static constructor.
RoslynAnalysisRunner will not be running.
RoslynAnalysisRunner has terminated.
Mono: successfully reloaded assembly
- Completed reload, in  0.813 seconds
Platform modules already initialized, skipping
Refreshing native plugins compatible for Editor in 0.31 ms, found 0 plugins.
Preloading 0 native plugins for Editor in 0.00 ms.
Unloading 1080 Unused Serialized files (Serialized files now loaded: 0)
System memory in use before: 148.3 MB.
System memory in use after: 148.4 MB.

Unloading 4 unused Assets to reduce memory usage. Loaded Objects now: 1602.
Total: 1.623500 ms (FindLiveObjects: 0.239300 ms CreateObjectMapping: 0.063400 ms MarkObjects: 1.303300 ms  DeleteObjects: 0.014900 ms)

========================================================================
Received Prepare
Registering precompiled user dll's ...
Registered in 0.000996 seconds.
Begin MonoManager ReloadAssembly
Native extension for WindowsStandalone target not found
Refreshing native plugins compatible for Editor in 0.40 ms, found 0 plugins.
Preloading 0 native plugins for Editor in 0.00 ms.
Invoked RoslynAnalysisRunner static constructor.
RoslynAnalysisRunner will not be running.
RoslynAnalysisRunner has terminated.
Mono: successfully reloaded assembly
- Completed reload, in  0.964 seconds
Platform modules already initialized, skipping
Refreshing native plugins compatible for Editor in 0.34 ms, found 0 plugins.
Preloading 0 native plugins for Editor in 0.00 ms.
Unloading 1080 Unused Serialized files (Serialized files now loaded: 0)
System memory in use before: 148.3 MB.
System memory in use after: 148.4 MB.

Unloading 4 unused Assets to reduce memory usage. Loaded Objects now: 1604.
Total: 2.229900 ms (FindLiveObjects: 0.173100 ms CreateObjectMapping: 0.042100 ms MarkObjects: 1.999300 ms  DeleteObjects: 0.014100 ms)

========================================================================
Received Import Request.
  Time since last request: 293.999536 seconds.
  path: Assets/Prefabs/Tentacle Monster.prefab
  artifactKey: Guid(8ec1c2e1727d36d4cb6f872cb0ae9e8a) Importer(815301076,1909f56bfc062723c751e8b465ee728b)
Start importing Assets/Prefabs/Tentacle Monster.prefab using Guid(8ec1c2e1727d36d4cb6f872cb0ae9e8a) Importer(815301076,1909f56bfc062723c751e8b465ee728b)  -> (artifact id: '9c28af128a65e3ae3607d1c7656dafcf') in 0.115001 seconds
  Import took 0.120756 seconds .

========================================================================
Received Prepare
Registering precompiled user dll's ...
Registered in 0.000693 seconds.
Begin MonoManager ReloadAssembly
Native extension for WindowsStandalone target not found
Refreshing native plugins compatible for Editor in 0.33 ms, found 0 plugins.
Preloading 0 native plugins for Editor in 0.00 ms.
Invoked RoslynAnalysisRunner static constructor.
RoslynAnalysisRunner will not be running.
RoslynAnalysisRunner has terminated.
Mono: successfully reloaded assembly
- Completed reload, in  0.773 seconds
Platform modules already initialized, skipping
Refreshing native plugins compatible for Editor in 0.34 ms, found 0 plugins.
Preloading 0 native plugins for Editor in 0.00 ms.
Unloading 1080 Unused Serialized files (Serialized files now loaded: 0)
System memory in use before: 148.3 MB.
System memory in use after: 148.4 MB.

Unloading 4 unused Assets to reduce memory usage. Loaded Objects now: 1607.
Total: 2.874100 ms (FindLiveObjects: 0.401700 ms CreateObjectMapping: 0.246500 ms MarkObjects: 2.207400 ms  DeleteObjects: 0.016600 ms)

========================================================================
Received Import Request.
  Time since last request: 321.654271 seconds.
  path: Assets/Scripts/PlayerController.cs
  artifactKey: Guid(6c529980616ee7341b17c46281dd9780) Importer(815301076,1909f56bfc062723c751e8b465ee728b)
Start importing Assets/Scripts/PlayerController.cs using Guid(6c529980616ee7341b17c46281dd9780) Importer(815301076,1909f56bfc062723c751e8b465ee728b)  -> (artifact id: '42f55d46f8967974a371535d9aa29409') in 0.007947 seconds
  Import took 0.011632 seconds .

========================================================================
Received Prepare
Registering precompiled user dll's ...
Registered in 0.000562 seconds.
Begin MonoManager ReloadAssembly
Native extension for WindowsStandalone target not found
Refreshing native plugins compatible for Editor in 0.27 ms, found 0 plugins.
Preloading 0 native plugins for Editor in 0.00 ms.
Invoked RoslynAnalysisRunner static constructor.
RoslynAnalysisRunner will not be running.
RoslynAnalysisRunner has terminated.
Mono: successfully reloaded assembly
- Completed reload, in  0.781 seconds
Platform modules already initialized, skipping
Refreshing native plugins compatible for Editor in 0.26 ms, found 0 plugins.
Preloading 0 native plugins for Editor in 0.00 ms.
Unloading 1080 Unused Serialized files (Serialized files now loaded: 0)
System memory in use before: 148.3 MB.
System memory in use after: 148.4 MB.

Unloading 4 unused Assets to reduce memory usage. Loaded Objects now: 1609.
Total: 3.979500 ms (FindLiveObjects: 0.445600 ms CreateObjectMapping: 0.114200 ms MarkObjects: 3.385700 ms  DeleteObjects: 0.030800 ms)

========================================================================
Received Prepare
Registering precompiled user dll's ...
Registered in 0.000680 seconds.
Begin MonoManager ReloadAssembly
Native extension for WindowsStandalone target not found
Refreshing native plugins compatible for Editor in 0.28 ms, found 0 plugins.
Preloading 0 native plugins for Editor in 0.00 ms.
Invoked RoslynAnalysisRunner static constructor.
RoslynAnalysisRunner will not be running.
RoslynAnalysisRunner has terminated.
Mono: successfully reloaded assembly
- Completed reload, in  0.746 seconds
Platform modules already initialized, skipping
Refreshing native plugins compatible for Editor in 0.31 ms, found 0 plugins.
Preloading 0 native plugins for Editor in 0.00 ms.
Unloading 1080 Unused Serialized files (Serialized files now loaded: 0)
System memory in use before: 148.3 MB.
System memory in use after: 148.4 MB.

Unloading 4 unused Assets to reduce memory usage. Loaded Objects now: 1611.
Total: 1.455500 ms (FindLiveObjects: 0.136100 ms CreateObjectMapping: 0.032600 ms MarkObjects: 1.271700 ms  DeleteObjects: 0.013900 ms)

========================================================================
Received Prepare
Registering precompiled user dll's ...
Registered in 0.000660 seconds.
Begin MonoManager ReloadAssembly
Native extension for WindowsStandalone target not found
Refreshing native plugins compatible for Editor in 0.28 ms, found 0 plugins.
Preloading 0 native plugins for Editor in 0.00 ms.
Invoked RoslynAnalysisRunner static constructor.
RoslynAnalysisRunner will not be running.
RoslynAnalysisRunner has terminated.
Mono: successfully reloaded assembly
- Completed reload, in  0.811 seconds
Platform modules already initialized, skipping
Refreshing native plugins compatible for Editor in 0.60 ms, found 0 plugins.
Preloading 0 native plugins for Editor in 0.00 ms.
Unloading 1080 Unused Serialized files (Serialized files now loaded: 0)
System memory in use before: 148.3 MB.
System memory in use after: 148.4 MB.

Unloading 4 unused Assets to reduce memory usage. Loaded Objects now: 1613.
Total: 3.975200 ms (FindLiveObjects: 0.366100 ms CreateObjectMapping: 0.214600 ms MarkObjects: 3.365600 ms  DeleteObjects: 0.026600 ms)

========================================================================
Received Prepare
Registering precompiled user dll's ...
Registered in 0.000948 seconds.
Begin MonoManager ReloadAssembly
Native extension for WindowsStandalone target not found
Refreshing native plugins compatible for Editor in 0.27 ms, found 0 plugins.
Preloading 0 native plugins for Editor in 0.00 ms.
Invoked RoslynAnalysisRunner static constructor.
RoslynAnalysisRunner will not be running.
RoslynAnalysisRunner has terminated.
Mono: successfully reloaded assembly
- Completed reload, in  0.747 seconds
Platform modules already initialized, skipping
Refreshing native plugins compatible for Editor in 0.27 ms, found 0 plugins.
Preloading 0 native plugins for Editor in 0.00 ms.
Unloading 1080 Unused Serialized files (Serialized files now loaded: 0)
System memory in use before: 148.3 MB.
System memory in use after: 148.4 MB.

Unloading 4 unused Assets to reduce memory usage. Loaded Objects now: 1615.
Total: 2.198600 ms (FindLiveObjects: 0.340900 ms CreateObjectMapping: 0.113200 ms MarkObjects: 1.727400 ms  DeleteObjects: 0.015500 ms)

========================================================================
Received Import Request.
  Time since last request: 807.734941 seconds.
  path: Assets/Prefabs/Tentacle Monster.prefab
  artifactKey: Guid(8ec1c2e1727d36d4cb6f872cb0ae9e8a) Importer(815301076,1909f56bfc062723c751e8b465ee728b)
Start importing Assets/Prefabs/Tentacle Monster.prefab using Guid(8ec1c2e1727d36d4cb6f872cb0ae9e8a) Importer(815301076,1909f56bfc062723c751e8b465ee728b)  -> (artifact id: 'b4b4de497ec822dc7b5b370631448211') in 0.067881 seconds
  Import took 0.071824 seconds .

========================================================================
Received Prepare
Registering precompiled user dll's ...
Registered in 0.000863 seconds.
Begin MonoManager ReloadAssembly
Native extension for WindowsStandalone target not found
Refreshing native plugins compatible for Editor in 0.30 ms, found 0 plugins.
Preloading 0 native plugins for Editor in 0.00 ms.
Invoked RoslynAnalysisRunner static constructor.
RoslynAnalysisRunner will not be running.
RoslynAnalysisRunner has terminated.
Mono: successfully reloaded assembly
- Completed reload, in  0.720 seconds
Platform modules already initialized, skipping
Refreshing native plugins compatible for Editor in 0.28 ms, found 0 plugins.
Preloading 0 native plugins for Editor in 0.00 ms.
Unloading 1080 Unused Serialized files (Serialized files now loaded: 0)
System memory in use before: 148.3 MB.
System memory in use after: 148.4 MB.

Unloading 4 unused Assets to reduce memory usage. Loaded Objects now: 1618.
Total: 1.423000 ms (FindLiveObjects: 0.171300 ms CreateObjectMapping: 0.055700 ms MarkObjects: 1.182800 ms  DeleteObjects: 0.012400 ms)

========================================================================
Received Import Request.
  Time since last request: 91.872930 seconds.
  path: Assets/Prefabs/Tentacle Monster Variant.prefab
  artifactKey: Guid(cd867c59e35248a4fbe9535b44533486) Importer(815301076,1909f56bfc062723c751e8b465ee728b)
Start importing Assets/Prefabs/Tentacle Monster Variant.prefab using Guid(cd867c59e35248a4fbe9535b44533486) Importer(815301076,1909f56bfc062723c751e8b465ee728b)  -> (artifact id: 'f9af4822bbe101fd8e36b7aaece96615') in 0.088532 seconds
  Import took 0.092473 seconds .

========================================================================
Received Import Request.
  Time since last request: 6.808399 seconds.
  path: Assets/Prefabs/Tentacle Monster Variant.prefab
  artifactKey: Guid(cd867c59e35248a4fbe9535b44533486) Importer(815301076,1909f56bfc062723c751e8b465ee728b)
Start importing Assets/Prefabs/Tentacle Monster Variant.prefab using Guid(cd867c59e35248a4fbe9535b44533486) Importer(815301076,1909f56bfc062723c751e8b465ee728b)  -> (artifact id: 'b47eff8e5ebf4f83ad70dca8e0eec4bf') in 0.004798 seconds
  Import took 0.007488 seconds .

AssetImportWorkerClient::OnTransportError - code=2 error=End of file
